[09:04:56] [main/WARN]: Ambiguity between arguments [teleport, destination] and [teleport, targets] with inputs: [Player, 0123, @e, dd12be42-52a9-4a91-a8a1-11c01849e498]
[09:04:56] [main/WARN]: Ambiguity between arguments [teleport, location] and [teleport, destination] with inputs: [0.1 -0.5 .9, 0 0 0]
[09:04:56] [main/WARN]: Ambiguity between arguments [teleport, location] and [teleport, targets] with inputs: [0.1 -0.5 .9, 0 0 0]
[09:04:56] [main/WARN]: Ambiguity between arguments [teleport, targets] and [teleport, destination] with inputs: [Player, 0123, dd12be42-52a9-4a91-a8a1-11c01849e498]
[09:04:56] [main/WARN]: Ambiguity between arguments [teleport, targets, location] and [teleport, targets, destination] with inputs: [0.1 -0.5 .9, 0 0 0]
[09:04:56] [main/INFO]: Loaded 0 recipes
[09:04:56] [main/INFO]: Loaded 0 advancements
[09:04:57] [Server thread/INFO]: Starting minecraft server version 1.13.2
[09:04:57] [Server thread/INFO]: Loading properties
[09:04:57] [Server console handler/ERROR]: Exception handling console input
java.io.IOException: Controlador no válido
	at java.io.FileInputStream.readBytes(Native Method) ~[?:1.8.0_144]
	at java.io.FileInputStream.read(Unknown Source) ~[?:1.8.0_144]
	at java.io.BufferedInputStream.read1(Unknown Source) ~[?:1.8.0_144]
	at java.io.BufferedInputStream.read(Unknown Source) ~[?:1.8.0_144]
	at sun.nio.cs.StreamDecoder.readBytes(Unknown Source) ~[?:1.8.0_144]
	at sun.nio.cs.StreamDecoder.implRead(Unknown Source) ~[?:1.8.0_144]
	at sun.nio.cs.StreamDecoder.read(Unknown Source) ~[?:1.8.0_144]
	at java.io.InputStreamReader.read(Unknown Source) ~[?:1.8.0_144]
	at java.io.BufferedReader.fill(Unknown Source) ~[?:1.8.0_144]
	at java.io.BufferedReader.readLine(Unknown Source) ~[?:1.8.0_144]
	at java.io.BufferedReader.readLine(Unknown Source) ~[?:1.8.0_144]
	at so$2.run(SourceFile:110) [minecraft_server.1.13.2.jar.jar:?]
[09:04:57] [Server thread/INFO]: Default game type: SURVIVAL
[09:04:57] [Server thread/INFO]: Generating keypair
[09:04:58] [Server thread/INFO]: Starting Minecraft server on 192.168.1.99:25565
[09:04:58] [Server thread/INFO]: Using default channel type
