[09:05:05] [main/WARN]: Ambiguity between arguments [teleport, destination] and [teleport, targets] with inputs: [Player, 0123, @e, dd12be42-52a9-4a91-a8a1-11c01849e498]
[09:05:05] [main/WARN]: Ambiguity between arguments [teleport, location] and [teleport, destination] with inputs: [0.1 -0.5 .9, 0 0 0]
[09:05:05] [main/WARN]: Ambiguity between arguments [teleport, location] and [teleport, targets] with inputs: [0.1 -0.5 .9, 0 0 0]
[09:05:05] [main/WARN]: Ambiguity between arguments [teleport, targets] and [teleport, destination] with inputs: [Player, 0123, dd12be42-52a9-4a91-a8a1-11c01849e498]
[09:05:05] [main/WARN]: Ambiguity between arguments [teleport, targets, location] and [teleport, targets, destination] with inputs: [0.1 -0.5 .9, 0 0 0]
[09:05:05] [main/INFO]: Loaded 0 recipes
[09:05:05] [main/INFO]: Loaded 0 advancements
[09:05:06] [Server thread/INFO]: Starting minecraft server version 1.13.2
[09:05:06] [Server thread/INFO]: Loading properties
[09:05:06] [Server console handler/ERROR]: Exception handling console input
java.io.IOException: Controlador no válido
	at java.io.FileInputStream.readBytes(Native Method) ~[?:1.8.0_144]
	at java.io.FileInputStream.read(Unknown Source) ~[?:1.8.0_144]
	at java.io.BufferedInputStream.read1(Unknown Source) ~[?:1.8.0_144]
	at java.io.BufferedInputStream.read(Unknown Source) ~[?:1.8.0_144]
	at sun.nio.cs.StreamDecoder.readBytes(Unknown Source) ~[?:1.8.0_144]
	at sun.nio.cs.StreamDecoder.implRead(Unknown Source) ~[?:1.8.0_144]
	at sun.nio.cs.StreamDecoder.read(Unknown Source) ~[?:1.8.0_144]
	at java.io.InputStreamReader.read(Unknown Source) ~[?:1.8.0_144]
	at java.io.BufferedReader.fill(Unknown Source) ~[?:1.8.0_144]
	at java.io.BufferedReader.readLine(Unknown Source) ~[?:1.8.0_144]
	at java.io.BufferedReader.readLine(Unknown Source) ~[?:1.8.0_144]
	at so$2.run(SourceFile:110) [minecraft_server.1.13.2.jar.jar:?]
[09:05:06] [Server thread/INFO]: Default game type: SURVIVAL
[09:05:06] [Server thread/INFO]: Generating keypair
[09:05:06] [Server thread/INFO]: Starting Minecraft server on 192.168.1.99:25565
[09:05:06] [Server thread/INFO]: Using default channel type
[09:05:11] [Server thread/WARN]: **** FAILED TO BIND TO PORT!
[09:05:11] [Server thread/WARN]: The exception was: java.net.BindException: Address already in use: bind
[09:05:11] [Server thread/WARN]: Perhaps a server is already running on that port?
[09:05:11] [Server thread/INFO]: Stopping server
[09:05:11] [Server thread/INFO]: Saving worlds
[09:05:11] [Server Shutdown Thread/INFO]: Stopping server
[09:05:11] [Server Shutdown Thread/INFO]: Saving worlds
ies file.
[09:05:01] [Server thread/INFO]: Preparing level "world"
[09:05:01] [Server thread/INFO]: Found new data pack vanilla, loading it automatically
[09:05:01] [Server thread/INFO]: Reloading ResourceManager: Default
[09:05:03] [Server thread/INFO]: Loaded 524 recipes
[09:05:04] [Server thread/INFO]: Loaded 571 advancements
[09:05:05] [Server thread/INFO]: Preparing start region for dimension minecraft:overworld
[09:05:07] [Server thread/INFO]: Preparing spawn area: 3%
[09:05:08] [Server thread/INFO]: Preparing spawn area: 3%
[09:05:09] [Server thread/INFO]: Preparing spawn area: 3%
[09:05:10] [Server thread/INFO]: Preparing spawn area: 3%
[09:05:11] [Server thread/INFO]: Preparing spawn area: 3%
[09:05:12] [Server thread/INFO]: Preparing spawn area: 4%
[09:05:13] [Server thread/INFO]: Preparing spawn area: 8%
[09:05:13] [Server thread/INFO]: Preparing spawn area: 12%
[09:05:13] [Server thread/INFO]: Preparing spawn area: 16%
[09:05:13] [Server thread/INFO]: Preparing spawn area: 20%
[09:05:14] [Server thread/INFO]: Preparing spawn area: 24%
[09:05:14] [Server thread/INFO]: Preparing spawn area: 28%
[09:05:14] [Server thread/INFO]: Preparing spawn area: 32%
[09:05:14] [Server thread/INFO]: Preparing spawn area: 36%
[09:05:14] [Server thread/INFO]: Preparing spawn area: 40%
[09:05:14] [Server thread/INFO]: Preparing spawn area: 44%
[09:05:14] [Server thread/INFO]: Preparing spawn area: 48%
[09:05:15] [Server thread/INFO]: Preparing spawn area: 52%
[09:05:15] [Server thread/INFO]: Preparing spawn area: 56%
[09:05:15] [Server thread/INFO]: Preparing spawn area: 60%
[09:05:15] [Server thread/INFO]: Preparing spawn area: 64%
[09:05:15] [Server thread/INFO]: Preparing spawn area: 68%
[09:05:15] [Server thread/INFO]: Preparing spawn area: 72%
[09:05:15] [Server thread/INFO]: Preparing spawn area: 76%
[09:05:15] [Server thread/INFO]: Preparing spawn area: 80%
[09:05:16] [Server thread/INFO]: Preparing spawn area: 84%
[09:05:16] [Server thread/INFO]: Preparing spawn area: 88%
[09:05:17] [Server thread/INFO]: Preparing spawn area: 92%
[09:05:17] [Server thread/INFO]: Preparing spawn area: 96%
[09:05:17] [Server thread/INFO]: Preparing spawn area: 100%
[09:05:17] [Server thread/INFO]: Time elapsed: 12298 ms
[09:05:17] [Server thread/INFO]: Done (15.701s)! For help, type "help"
[10:18:34] [Server thread/INFO]: HunterBoo[/189.218.239.117:42764] logged in with entity id 568 at (218.5, 68.0, -67.5)
[10:18:35] [Server thread/INFO]: HunterBoo joined the game
[10:18:38] [Server thread/WARN]: Can't keep up! Is the server overloaded? Running 4550ms or 91 ticks behind
[10:18:45] [Server thread/INFO]: HunterBoo lost connection: Disconnected
[10:18:45] [Server thread/INFO]: HunterBoo left the game
[10:19:46] [Server thread/INFO]: HunterBoo[/189.218.239.117:49038] logged in with entity id 1149 at (218.5, 68.0, -67.5)
[10:19:46] [Server thread/INFO]: HunterBoo joined the game
[10:21:45] [Server thread/INFO]: HunterBoo fell from a high place
[10:21:49] [Server thread/WARN]: Can't keep up! Is the server overloaded? Running 2981ms or 59 ticks behind
[10:21:53] [Server thread/INFO]: HunterBoo lost connection: Disconnected
[10:21:53] [Server thread/INFO]: HunterBoo left the game
[10:22:50] [Server thread/INFO]: Llorno LLovana[/189.218.239.117:26761] logged in with entity id 3508 at (228.5, 72.0, -55.5)
[10:22:50] [Server thread/INFO]: Llorno LLovana joined the game
[10:23:17] [Server thread/INFO]: Llorno LLovana lost connection: Disconnected
[10:23:17] [Server thread/INFO]: Llorno LLovana left the game
[10:24:23] [Server thread/INFO]: Llorno LLovanna[/189.218.239.117:22821] logged in with entity id 4108 at (215.5, 64.0, -66.5)
[10:24:23] [Server thread/INFO]: Llorno LLovanna joined the game
[10:25:30] [Server thread/INFO]: Llorno LLovanna lost connection: Disconnected
[10:25:30] [Server thread/INFO]: Llorno LLovanna left the game
[10:39:15] [Server thread/INFO]: llorno llovana[/189.218.239.117:57473] logged in with entity id 4963 at (222.5, 70.0, -59.5)
[10:39:15] [Server thread/INFO]: llorno llovana joined the game
[10:39:31] [Server thread/INFO]: llorno llovana lost connection: Disconnected
[10:39:31] [Server thread/INFO]: llorno llovana left the game
[10:40:18] [Server thread/INFO]: llorno llovanna[/189.218.239.117:51451] logged in with entity id 5092 at (229.5, 71.0, -69.5)
[10:40:18] [Server thread/INFO]: llorno llovanna joined the game
[10:40:42] [Server thread/INFO]: llorno llovanna lost connection: Disconnected
[10:40:42] [Server thread/INFO]: llorno llovanna left the game
[10:41:51] [Server thread/INFO]: Llorno Llovanna[/189.218.239.117:14252] logged in with entity id 5524 at (228.5, 71.0, -72.5)
[10:41:51] [Server thread/INFO]: Llorno Llovanna joined the game
[10:42:01] [Server thread/INFO]: Llorno Llovanna lost connection: Disconnected
[10:42:01] [Server thread/INFO]: Llorno Llovanna left the game
[10:43:47] [Server thread/INFO]: Linkvenck[/192.168.1.99:52962] logged in with entity id 5731 at (177.49204692835855, 62.0, 202.48608655481758)
[10:43:48] [Server thread/INFO]: Linkvenck joined the game
[10:43:53] [Server thread/WARN]: Can't keep up! Is the server overloaded? Running 5389ms or 107 ticks behind
[10:44:11] [Server thread/WARN]: Can't keep up! Is the server overloaded? Running 3799ms or 75 ticks behind
[10:44:12] [Server thread/INFO]: Linkvenck lost connection: Disconnected
[10:44:12] [Server thread/INFO]: Linkvenck left the game
[10:46:27] [Server thread/INFO]: LLorno Llovanna[/189.218.239.117:41514] logged in with entity id 6089 at (233.5, 75.0, -53.5)
[10:46:27] [Server thread/INFO]: LLorno Llovanna joined the game
[10:46:31] [Server thread/WARN]: Can't keep up! Is the server overloaded? Running 3924ms or 78 ticks behind
[10:46:44] [Server thread/INFO]: LLorno Llovanna lost connection: Disconnected
[10:46:44] [Server thread/INFO]: LLorno Llovanna left the game
[10:47:50] [Server thread/INFO]: Llorno LLovanna[/189.218.239.117:30414] logged in with entity id 6846 at (224.99545313650842, 71.0, -84.62247434532836)
[10:47:50] [Server thread/INFO]: Llorno LLovanna joined the game
[10:48:02] [Server thread/INFO]: Llorno LLovanna lost connection: Disconnected
[10:48:02] [Server thread/INFO]: Llorno LLovanna left the game
[10:48:48] [Server thread/INFO]: Llorno LLovana[/189.218.239.117:58182] logged in with entity id 7096 at (214.17035822860691, 69.0, -60.09271309359538)
[10:48:48] [Server thread/INFO]: Llorno LLovana joined the game
[10:49:04] [Server thread/INFO]: Llorno LLovana lost connection: Disconnected
[10:49:04] [Server thread/INFO]: Llorno LLovana left the game
[10:49:57] [Server thread/INFO]: LLorno LLovana[/189.218.239.117:7556] logged in with entity id 7302 at (230.5, 71.0, -70.5)
[10:49:57] [Server thread/INFO]: LLorno LLovana joined the game
[10:50:13] [Server thread/INFO]: LLorno LLovana lost connection: Disconnected
[10:50:13] [Server thread/INFO]: LLorno LLovana left the game
[10:51:29] [Server thread/INFO]: LLorno Llovana[/189.218.239.117:39477] logged in with entity id 7633 at (221.5, 67.0, -55.5)
[10:51:29] [Server thread/INFO]: LLorno Llovana joined the game
[10:54:51] [Server thread/WARN]: Can't keep up! Is the server overloaded? Running 3003ms or 60 ticks behind
[10:54:51] [Server thread/WARN]: LLorno Llovana moved too quickly! 9.536050037369762,-0.5335007960949838,3.0197496299066415
[10:55:45] [Server thread/INFO]: LLorno Llovana lost connection: Disconnected
[10:55:45] [Server thread/INFO]: LLorno Llovana left the game
[10:56:54] [Server thread/INFO]: llorno llobana[/189.218.239.117:3026] logged in with entity id 15889 at (221.5, 71.0, -65.5)
[10:56:54] [Server thread/INFO]: llorno llobana joined the game
[10:57:12] [Server thread/INFO]: llorno llobana lost connection: Disconnected
[10:57:12] [Server thread/INFO]: llorno llobana left the game
[10:58:08] [Server thread/INFO]: Llorno LLobana[/189.218.239.117:51012] logged in with entity id 16570 at (227.5, 72.0, -58.5)
[10:58:08] [Server thread/INFO]: Llorno LLobana joined the game
[10:58:37] [Server thread/INFO]: Llorno LLobana lost connection: Disconnected
[10:58:37] [Server thread/INFO]: Llorno LLobana left the game
[10:59:22] [Server thread/INFO]: LLorno Llobana[/189.218.239.117:17704] logged in with entity id 16810 at (214.5, 64.0, -73.5)
[10:59:23] [Server thread/INFO]: LLorno Llobana joined the game
[10:59:49] [Server thread/INFO]: LLorno Llobana lost connection: Disconnected
[10:59:49] [Server thread/INFO]: LLorno Llobana left the game
[11:00:29] [Server thread/WARN]: Can't keep up! Is the server overloaded? Running 2858ms or 57 ticks behind
[11:00:40] [Server thread/INFO]: LLorno Llobanna[/189.218.239.117:13849] logged in with entity id 16984 at (225.5, 71.0, -73.5)
[11:00:40] [Server thread/INFO]: LLorno Llobanna joined the game
[11:00:50] [Server thread/INFO]: LLorno Llobanna lost connection: Disconnected
[11:00:50] [Server thread/INFO]: LLorno Llobanna left the game
[11:02:07] [Server thread/INFO]: Llorno LLovana[/189.218.239.117:19921] logged in with entity id 17334 at (214.17035822860691, 69.0, -60.09271309359538)
[11:02:07] [Server thread/INFO]: Llorno LLovana joined the game
[11:02:21] [Server thread/INFO]: Llorno LLovana lost connection: Disconnected
[11:02:21] [Server thread/INFO]: Llorno LLovana left the game
[11:03:50] [Server thread/INFO]: Stopping the server
[11:03:50] [Server thread/INFO]: Stopping server
[11:03:50] [Server thread/INFO]: Saving players
[11:03:50] [Server thread/INFO]: Saving worlds
[11:03:50] [Server thread/INFO]: Saving chunks for level 'world'/minecraft:the_nether
[11:03:50] [Server thread/INFO]: Saving chunks for level 'world'/minecraft:overworld
[11:03:50] [Server thread/INFO]: Saving chunks for level 'world'/minecraft:the_end
[11:03:50] [Server Shutdown Thread/INFO]: Stopping server
[11:03:50] [Server Shutdown Thread/INFO]: Saving players
[11:03:50] [Server Shutdown Thread/INFO]: Saving worlds
[11:03:50] [Server Shutdown Thread/INFO]: Saving chunks for level 'world'/minecraft:the_nether
[11:03:50] [Server Shutdown Thread/INFO]: Saving chunks for level 'world'/minecraft:overworld
[11:03:50] [Server Shutdown Thread/INFO]: Saving chunks for level 'world'/minecraft:the_end
